<?xml version="1.0" encoding="UTF-8"?>
<testng-results ignored="0" total="5" passed="5" failed="0" skipped="0">
  <reporter-output>
  </reporter-output>
  <suite started-at="2025-06-30T10:36:20 IST" name="Suite" finished-at="2025-06-30T10:36:28 IST" duration-ms="7500">
    <groups>
    </groups>
    <test started-at="2025-06-30T10:36:20 IST" name="Functionality Test" finished-at="2025-06-30T10:36:28 IST" duration-ms="7500">
      <class name="pagesTests.LoginPageTest">
        <test-method is-config="true" signature="initialize()[pri:0, instance:pagesTests.LoginPageTest@3de8f619]" started-at="2025-06-30T10:36:21 IST" name="initialize" finished-at="2025-06-30T10:36:24 IST" duration-ms="2963" status="PASS">
          <reporter-output>
          </reporter-output>
        </test-method> <!-- initialize -->
        <test-method signature="testValidLogin(java.lang.String,java.lang.String,java.lang.String,java.lang.String,java.lang.String)[pri:1, instance:pagesTests.LoginPageTest@3de8f619]" started-at="2025-06-30T10:36:24 IST" name="testValidLogin" data-provider="csvData" finished-at="2025-06-30T10:36:25 IST" duration-ms="1042" status="PASS">
          <params>
            <param index="0">
              <value>
                <![CDATA[standard_user]]>
              </value>
            </param>
            <param index="1">
              <value>
                <![CDATA[secret_sauce]]>
              </value>
            </param>
            <param index="2">
              <value>
                <![CDATA[Arun]]>
              </value>
            </param>
            <param index="3">
              <value>
                <![CDATA[Giri]]>
              </value>
            </param>
            <param index="4">
              <value>
                <![CDATA[44777]]>
              </value>
            </param>
          </params>
          <reporter-output>
          </reporter-output>
        </test-method> <!-- testValidLogin -->
        <test-method is-config="true" signature="teardoen()[pri:0, instance:pagesTests.LoginPageTest@3de8f619]" started-at="2025-06-30T10:36:28 IST" name="teardoen" finished-at="2025-06-30T10:36:28 IST" duration-ms="222" status="PASS">
          <reporter-output>
          </reporter-output>
        </test-method> <!-- teardoen -->
        <test-method is-config="true" signature="OpenExtentReport()[pri:0, instance:pagesTests.LoginPageTest@3de8f619]" started-at="2025-06-30T10:36:29 IST" name="OpenExtentReport" finished-at="2025-06-30T10:36:31 IST" duration-ms="1744" status="PASS">
          <reporter-output>
          </reporter-output>
        </test-method> <!-- OpenExtentReport -->
      </class> <!-- pagesTests.LoginPageTest -->
      <class name="pagesTests.AddToCartPageTest">
        <test-method signature="testAddToCartWithSortByPrice()[pri:3, instance:pagesTests.AddToCartPageTest@2bec854f]" started-at="2025-06-30T10:36:25 IST" name="testAddToCartWithSortByPrice" finished-at="2025-06-30T10:36:25 IST" duration-ms="564" status="PASS">
          <reporter-output>
          </reporter-output>
        </test-method> <!-- testAddToCartWithSortByPrice -->
      </class> <!-- pagesTests.AddToCartPageTest -->
      <class name="pagesTests.ProductCountTest">
        <test-method signature="productCountTest()[pri:2, instance:pagesTests.ProductCountTest@43f02ef2]" started-at="2025-06-30T10:36:25 IST" name="productCountTest" finished-at="2025-06-30T10:36:25 IST" duration-ms="115" status="PASS">
          <reporter-output>
          </reporter-output>
        </test-method> <!-- productCountTest -->
      </class> <!-- pagesTests.ProductCountTest -->
      <class name="pagesTests.CheckoutPageTest">
        <test-method signature="testCheckoutProcess(java.lang.String,java.lang.String,java.lang.String,java.lang.String,java.lang.String)[pri:4, instance:pagesTests.CheckoutPageTest@31edaa7d]" started-at="2025-06-30T10:36:25 IST" name="testCheckoutProcess" data-provider="csvData" finished-at="2025-06-30T10:36:27 IST" duration-ms="1508" status="PASS">
          <params>
            <param index="0">
              <value>
                <![CDATA[standard_user]]>
              </value>
            </param>
            <param index="1">
              <value>
                <![CDATA[secret_sauce]]>
              </value>
            </param>
            <param index="2">
              <value>
                <![CDATA[Arun]]>
              </value>
            </param>
            <param index="3">
              <value>
                <![CDATA[Giri]]>
              </value>
            </param>
            <param index="4">
              <value>
                <![CDATA[44777]]>
              </value>
            </param>
          </params>
          <reporter-output>
          </reporter-output>
        </test-method> <!-- testCheckoutProcess -->
      </class> <!-- pagesTests.CheckoutPageTest -->
      <class name="pagesTests.LogoutTest">
        <test-method signature="logoutTest()[pri:0, instance:pagesTests.LogoutTest@26adfd2d]" started-at="2025-06-30T10:36:27 IST" name="logoutTest" finished-at="2025-06-30T10:36:28 IST" duration-ms="738" status="PASS">
          <reporter-output>
          </reporter-output>
        </test-method> <!-- logoutTest -->
      </class> <!-- pagesTests.LogoutTest -->
    </test> <!-- Functionality Test -->
  </suite> <!-- Suite -->
</testng-results>
