<?xml version="1.0" encoding="UTF-8"?>
<!-- Generated by org.testng.reporters.JUnitXMLReporter -->
<testsuite ignored="12" hostname="ArunDharshTanvi" failures="0" tests="5" name="Functionality Test" time="7.5" errors="0" timestamp="2025-06-30T10:36:29 IST">
  <testcase classname="pagesTests.LoginPageTest" name="testValidLogin" time="1.042"/>
  <testcase classname="pagesTests.ProductCountTest" name="productCountTest" time="0.115"/>
  <testcase classname="pagesTests.AddToCartPageTest" name="testAddToCartWithSortByPrice" time="0.564"/>
  <testcase classname="pagesTests.CheckoutPageTest" name="testCheckoutProcess" time="1.508"/>
  <testcase classname="pagesTests.LogoutTest" name="logoutTest" time="0.738"/>
  <testcase classname="setup.BaseTest" name="@AfterTest teardoen" time="0.0">
    <ignored/>
  </testcase> <!-- @AfterTest teardoen -->
  <testcase classname="setup.BaseTest" name="@AfterTest teardoen" time="0.0">
    <ignored/>
  </testcase> <!-- @AfterTest teardoen -->
  <testcase classname="setup.BaseTest" name="@BeforeTest initialize" time="0.0">
    <ignored/>
  </testcase> <!-- @BeforeTest initialize -->
  <testcase classname="setup.BaseTest" name="@AfterTest teardoen" time="0.0">
    <ignored/>
  </testcase> <!-- @AfterTest teardoen -->
  <testcase classname="setup.BaseTest" name="@AfterTest teardoen" time="0.0">
    <ignored/>
  </testcase> <!-- @AfterTest teardoen -->
  <testcase classname="setup.BaseTest" name="@BeforeTest initialize" time="0.0">
    <ignored/>
  </testcase> <!-- @BeforeTest initialize -->
  <testcase classname="setup.BaseTest" name="@BeforeTest initialize" time="0.0">
    <ignored/>
  </testcase> <!-- @BeforeTest initialize -->
  <testcase classname="setup.BaseTest" name="@AfterSuite OpenExtentReport" time="0.0">
    <ignored/>
  </testcase> <!-- @AfterSuite OpenExtentReport -->
  <testcase classname="setup.BaseTest" name="@AfterSuite OpenExtentReport" time="0.0">
    <ignored/>
  </testcase> <!-- @AfterSuite OpenExtentReport -->
  <testcase classname="setup.BaseTest" name="@AfterSuite OpenExtentReport" time="0.0">
    <ignored/>
  </testcase> <!-- @AfterSuite OpenExtentReport -->
  <testcase classname="setup.BaseTest" name="@AfterSuite OpenExtentReport" time="0.0">
    <ignored/>
  </testcase> <!-- @AfterSuite OpenExtentReport -->
  <testcase classname="setup.BaseTest" name="@BeforeTest initialize" time="0.0">
    <ignored/>
  </testcase> <!-- @BeforeTest initialize -->
</testsuite> <!-- Functionality Test -->
